<?xml version="1.0" encoding="UTF-8"?>
<!-- Generated by org.testng.reporters.JUnitReportReporter -->
<testsuite hostname="Dalya" failures="0" tests="3" name="HomePage.HomePageTests" time="0.075" errors="0" timestamp="2024-07-05T12:13:15 EET" skipped="0">
  <testcase classname="HomePage.HomePageTests" name="ChechTheDefaultLanguageIsEnglish" time="0.028"/>
  <system-out/>
  <testcase classname="HomePage.HomePageTests" name="CheckTheContactNumber" time="0.026"/>
  <system-out/>
  <testcase classname="HomePage.HomePageTests" name="CheckTheDefaultCurrency" time="0.021"/>
  <system-out/>
</testsuite> <!-- HomePage.HomePageTests -->
