<?xml version="1.0" encoding="UTF-8"?>
<!-- Generated by org.testng.reporters.JUnitReportReporter -->
<testsuite hostname="Dalya" failures="0" tests="6" name="HomePage.HomePageTests" time="0.217" errors="0" timestamp="2024-07-17T12:30:25 EET" skipped="0">
  <testcase classname="HomePage.HomePageTests" name="CheckTheDates" time="0.076"/>
  <system-out/>
  <testcase classname="HomePage.HomePageTests" name="ChechTheDefaultLanguageIsEnglish" time="0.033"/>
  <system-out/>
  <testcase classname="HomePage.HomePageTests" name="CheckTheContactNumber" time="0.025"/>
  <system-out/>
  <testcase classname="HomePage.HomePageTests" name="CheckTheDefaultCurrency" time="0.025"/>
  <system-out/>
  <testcase classname="HomePage.HomePageTests" name="CheckHotels" time="0.029"/>
  <system-out/>
  <testcase classname="HomePage.HomePageTests" name="CheckQitafLogo" time="0.029"/>
  <system-out/>
</testsuite> <!-- HomePage.HomePageTests -->
